{"/home/mcpeck/hackreactor/ShelfShare-2/public/src/components/library/helper functions/DateParser.jsx": {"path":"/home/mcpeck/hackreactor/ShelfShare-2/public/src/components/library/helper functions/DateParser.jsx","statementMap":{"0":{"start":{"line":1,"column":19},"end":{"line":22,"column":1}},"1":{"start":{"line":2,"column":13},"end":{"line":2,"column":35}},"2":{"start":{"line":3,"column":2},"end":{"line":3,"column":24}},"3":{"start":{"line":4,"column":15},"end":{"line":4,"column":33}},"4":{"start":{"line":5,"column":16},"end":{"line":5,"column":31}},"5":{"start":{"line":6,"column":14},"end":{"line":6,"column":28}},"6":{"start":{"line":7,"column":16},"end":{"line":7,"column":31}},"7":{"start":{"line":8,"column":18},"end":{"line":8,"column":35}},"8":{"start":{"line":9,"column":18},"end":{"line":9,"column":35}},"9":{"start":{"line":11,"column":18},"end":{"line":11,"column":52}},"10":{"start":{"line":11,"column":27},"end":{"line":11,"column":52}},"11":{"start":{"line":14,"column":4},"end":{"line":18,"column":16}},"12":{"start":{"line":20,"column":2},"end":{"line":20,"column":37}},"13":{"start":{"line":21,"column":2},"end":{"line":21,"column":19}}},"fnMap":{"0":{"name":"(anonymous_0)","decl":{"start":{"line":1,"column":19},"end":{"line":1,"column":20}},"loc":{"start":{"line":1,"column":35},"end":{"line":22,"column":1}},"line":1},"1":{"name":"(anonymous_1)","decl":{"start":{"line":11,"column":18},"end":{"line":11,"column":19}},"loc":{"start":{"line":11,"column":27},"end":{"line":11,"column":52}},"line":11}},"branchMap":{},"s":{"0":1,"1":1,"2":1,"3":1,"4":1,"5":1,"6":1,"7":1,"8":1,"9":1,"10":2,"11":1,"12":1,"13":1},"f":{"0":1,"1":2},"b":{},"_coverageSchema":"1a1c01bbd47fc00a2c39e90264f33305004495a9","hash":"60d1a989e517569b466bd71151ae9a86c85a6622"}
,"/home/mcpeck/hackreactor/ShelfShare-2/public/src/components/library/helper functions/GenreFilter.jsx": {"path":"/home/mcpeck/hackreactor/ShelfShare-2/public/src/components/library/helper functions/GenreFilter.jsx","statementMap":{"0":{"start":{"line":1,"column":20},"end":{"line":29,"column":1}},"1":{"start":{"line":2,"column":22},"end":{"line":17,"column":3}},"2":{"start":{"line":19,"column":2},"end":{"line":28,"column":3}},"3":{"start":{"line":20,"column":4},"end":{"line":24,"column":5}},"4":{"start":{"line":20,"column":17},"end":{"line":20,"column":18}},"5":{"start":{"line":21,"column":6},"end":{"line":23,"column":7}},"6":{"start":{"line":22,"column":8},"end":{"line":22,"column":36}},"7":{"start":{"line":25,"column":4},"end":{"line":25,"column":17}},"8":{"start":{"line":27,"column":4},"end":{"line":27,"column":17}}},"fnMap":{"0":{"name":"(anonymous_0)","decl":{"start":{"line":1,"column":20},"end":{"line":1,"column":21}},"loc":{"start":{"line":1,"column":38},"end":{"line":29,"column":1}},"line":1}},"branchMap":{"0":{"loc":{"start":{"line":19,"column":2},"end":{"line":28,"column":3}},"type":"if","locations":[{"start":{"line":19,"column":2},"end":{"line":28,"column":3}},{"start":{"line":26,"column":9},"end":{"line":28,"column":3}}],"line":19},"1":{"loc":{"start":{"line":21,"column":6},"end":{"line":23,"column":7}},"type":"if","locations":[{"start":{"line":21,"column":6},"end":{"line":23,"column":7}},{"start":{},"end":{}}],"line":21}},"s":{"0":1,"1":1,"2":1,"3":1,"4":1,"5":3,"6":1,"7":0,"8":0},"f":{"0":1},"b":{"0":[1,0],"1":[1,2]},"_coverageSchema":"1a1c01bbd47fc00a2c39e90264f33305004495a9","hash":"ac3aa206a4759c27578d1712eeaeb44af7b3e7e9"}
,"/home/mcpeck/hackreactor/ShelfShare-2/public/src/components/library/sub-components/Borrowed.jsx": {"path":"/home/mcpeck/hackreactor/ShelfShare-2/public/src/components/library/sub-components/Borrowed.jsx","statementMap":{"0":{"start":{"line":6,"column":17},"end":{"line":49,"column":1}},"1":{"start":{"line":7,"column":34},"end":{"line":7,"column":54}},"2":{"start":{"line":8,"column":36},"end":{"line":8,"column":51}},"3":{"start":{"line":10,"column":2},"end":{"line":31,"column":8}},"4":{"start":{"line":11,"column":4},"end":{"line":11,"column":23}},"5":{"start":{"line":13,"column":6},"end":{"line":28,"column":7}},"6":{"start":{"line":14,"column":23},"end":{"line":14,"column":68}},"7":{"start":{"line":15,"column":20},"end":{"line":22,"column":14}},"8":{"start":{"line":16,"column":10},"end":{"line":20,"column":11}},"9":{"start":{"line":17,"column":12},"end":{"line":17,"column":72}},"10":{"start":{"line":19,"column":12},"end":{"line":19,"column":26}},"11":{"start":{"line":21,"column":10},"end":{"line":21,"column":18}},"12":{"start":{"line":23,"column":8},"end":{"line":23,"column":48}},"13":{"start":{"line":25,"column":8},"end":{"line":25,"column":41}},"14":{"start":{"line":27,"column":8},"end":{"line":27,"column":28}},"15":{"start":{"line":30,"column":4},"end":{"line":30,"column":12}},"16":{"start":{"line":33,"column":2},"end":{"line":48,"column":4}},"17":{"start":{"line":42,"column":10},"end":{"line":42,"column":36}}},"fnMap":{"0":{"name":"(anonymous_0)","decl":{"start":{"line":6,"column":17},"end":{"line":6,"column":18}},"loc":{"start":{"line":6,"column":31},"end":{"line":49,"column":1}},"line":6},"1":{"name":"(anonymous_1)","decl":{"start":{"line":10,"column":12},"end":{"line":10,"column":13}},"loc":{"start":{"line":10,"column":18},"end":{"line":31,"column":3}},"line":10},"2":{"name":"fetch","decl":{"start":{"line":12,"column":19},"end":{"line":12,"column":24}},"loc":{"start":{"line":12,"column":27},"end":{"line":29,"column":5}},"line":12},"3":{"name":"(anonymous_3)","decl":{"start":{"line":15,"column":32},"end":{"line":15,"column":33}},"loc":{"start":{"line":15,"column":42},"end":{"line":22,"column":9}},"line":15},"4":{"name":"(anonymous_4)","decl":{"start":{"line":41,"column":27},"end":{"line":41,"column":28}},"loc":{"start":{"line":42,"column":10},"end":{"line":42,"column":36}},"line":42}},"branchMap":{"0":{"loc":{"start":{"line":16,"column":10},"end":{"line":20,"column":11}},"type":"if","locations":[{"start":{"line":16,"column":10},"end":{"line":20,"column":11}},{"start":{"line":18,"column":17},"end":{"line":20,"column":11}}],"line":16},"1":{"loc":{"start":{"line":35,"column":7},"end":{"line":46,"column":12}},"type":"cond-expr","locations":[{"start":{"line":36,"column":6},"end":{"line":45,"column":9}},{"start":{"line":46,"column":8},"end":{"line":46,"column":12}}],"line":35}},"s":{"0":1,"1":2,"2":2,"3":2,"4":1,"5":1,"6":1,"7":0,"8":0,"9":0,"10":0,"11":0,"12":0,"13":1,"14":1,"15":1,"16":2,"17":0},"f":{"0":2,"1":1,"2":1,"3":0,"4":0},"b":{"0":[0,0],"1":[2,0]},"_coverageSchema":"1a1c01bbd47fc00a2c39e90264f33305004495a9","hash":"50d351f68fb7e474890ee0c2b7b32fc01a5a072b"}
,"/home/mcpeck/hackreactor/ShelfShare-2/public/src/components/library/sub-components/Lent.jsx": {"path":"/home/mcpeck/hackreactor/ShelfShare-2/public/src/components/library/sub-components/Lent.jsx","statementMap":{"0":{"start":{"line":6,"column":13},"end":{"line":49,"column":1}},"1":{"start":{"line":7,"column":26},"end":{"line":7,"column":46}},"2":{"start":{"line":8,"column":36},"end":{"line":8,"column":51}},"3":{"start":{"line":10,"column":2},"end":{"line":31,"column":8}},"4":{"start":{"line":11,"column":4},"end":{"line":11,"column":23}},"5":{"start":{"line":13,"column":6},"end":{"line":28,"column":7}},"6":{"start":{"line":14,"column":23},"end":{"line":14,"column":64}},"7":{"start":{"line":15,"column":20},"end":{"line":22,"column":14}},"8":{"start":{"line":16,"column":10},"end":{"line":20,"column":11}},"9":{"start":{"line":17,"column":12},"end":{"line":17,"column":72}},"10":{"start":{"line":19,"column":12},"end":{"line":19,"column":26}},"11":{"start":{"line":21,"column":10},"end":{"line":21,"column":18}},"12":{"start":{"line":23,"column":8},"end":{"line":23,"column":44}},"13":{"start":{"line":25,"column":8},"end":{"line":25,"column":41}},"14":{"start":{"line":27,"column":8},"end":{"line":27,"column":28}},"15":{"start":{"line":30,"column":4},"end":{"line":30,"column":12}},"16":{"start":{"line":33,"column":2},"end":{"line":48,"column":4}},"17":{"start":{"line":42,"column":12},"end":{"line":42,"column":38}}},"fnMap":{"0":{"name":"(anonymous_0)","decl":{"start":{"line":6,"column":13},"end":{"line":6,"column":14}},"loc":{"start":{"line":6,"column":27},"end":{"line":49,"column":1}},"line":6},"1":{"name":"(anonymous_1)","decl":{"start":{"line":10,"column":12},"end":{"line":10,"column":13}},"loc":{"start":{"line":10,"column":18},"end":{"line":31,"column":3}},"line":10},"2":{"name":"fetch","decl":{"start":{"line":12,"column":19},"end":{"line":12,"column":24}},"loc":{"start":{"line":12,"column":27},"end":{"line":29,"column":5}},"line":12},"3":{"name":"(anonymous_3)","decl":{"start":{"line":15,"column":32},"end":{"line":15,"column":33}},"loc":{"start":{"line":15,"column":42},"end":{"line":22,"column":9}},"line":15},"4":{"name":"(anonymous_4)","decl":{"start":{"line":41,"column":25},"end":{"line":41,"column":26}},"loc":{"start":{"line":42,"column":12},"end":{"line":42,"column":38}},"line":42}},"branchMap":{"0":{"loc":{"start":{"line":16,"column":10},"end":{"line":20,"column":11}},"type":"if","locations":[{"start":{"line":16,"column":10},"end":{"line":20,"column":11}},{"start":{"line":18,"column":17},"end":{"line":20,"column":11}}],"line":16},"1":{"loc":{"start":{"line":35,"column":7},"end":{"line":46,"column":12}},"type":"cond-expr","locations":[{"start":{"line":36,"column":6},"end":{"line":45,"column":9}},{"start":{"line":46,"column":8},"end":{"line":46,"column":12}}],"line":35}},"s":{"0":1,"1":2,"2":2,"3":2,"4":1,"5":1,"6":1,"7":0,"8":0,"9":0,"10":0,"11":0,"12":0,"13":1,"14":1,"15":1,"16":2,"17":0},"f":{"0":2,"1":1,"2":1,"3":0,"4":0},"b":{"0":[0,0],"1":[2,0]},"_coverageSchema":"1a1c01bbd47fc00a2c39e90264f33305004495a9","hash":"20b2759c1f819ced3930d7c8c9404312d56387b5"}
,"/home/mcpeck/hackreactor/ShelfShare-2/public/src/components/library/sub-components/ScanButton.jsx": {"path":"/home/mcpeck/hackreactor/ShelfShare-2/public/src/components/library/sub-components/ScanButton.jsx","statementMap":{"0":{"start":{"line":5,"column":19},"end":{"line":18,"column":1}},"1":{"start":{"line":6,"column":2},"end":{"line":17,"column":4}}},"fnMap":{"0":{"name":"(anonymous_0)","decl":{"start":{"line":5,"column":19},"end":{"line":5,"column":20}},"loc":{"start":{"line":5,"column":72},"end":{"line":18,"column":1}},"line":5}},"branchMap":{"0":{"loc":{"start":{"line":15,"column":9},"end":{"line":15,"column":78}},"type":"cond-expr","locations":[{"start":{"line":15,"column":34},"end":{"line":15,"column":71}},{"start":{"line":15,"column":74},"end":{"line":15,"column":78}}],"line":15}},"s":{"0":1,"1":0},"f":{"0":0},"b":{"0":[0,0]},"_coverageSchema":"1a1c01bbd47fc00a2c39e90264f33305004495a9","hash":"7072624d6eaed936e22e8792cda81335f541da97"}
,"/home/mcpeck/hackreactor/ShelfShare-2/public/src/components/library/sub-components/Shelf.jsx": {"path":"/home/mcpeck/hackreactor/ShelfShare-2/public/src/components/library/sub-components/Shelf.jsx","statementMap":{"0":{"start":{"line":6,"column":14},"end":{"line":49,"column":1}},"1":{"start":{"line":7,"column":32},"end":{"line":7,"column":52}},"2":{"start":{"line":8,"column":36},"end":{"line":8,"column":51}},"3":{"start":{"line":10,"column":2},"end":{"line":31,"column":20}},"4":{"start":{"line":11,"column":4},"end":{"line":11,"column":23}},"5":{"start":{"line":13,"column":6},"end":{"line":28,"column":7}},"6":{"start":{"line":14,"column":23},"end":{"line":14,"column":67}},"7":{"start":{"line":15,"column":20},"end":{"line":22,"column":14}},"8":{"start":{"line":16,"column":10},"end":{"line":20,"column":11}},"9":{"start":{"line":17,"column":12},"end":{"line":17,"column":72}},"10":{"start":{"line":19,"column":12},"end":{"line":19,"column":26}},"11":{"start":{"line":21,"column":10},"end":{"line":21,"column":18}},"12":{"start":{"line":23,"column":8},"end":{"line":23,"column":47}},"13":{"start":{"line":25,"column":8},"end":{"line":25,"column":42}},"14":{"start":{"line":27,"column":8},"end":{"line":27,"column":28}},"15":{"start":{"line":30,"column":4},"end":{"line":30,"column":12}},"16":{"start":{"line":33,"column":2},"end":{"line":48,"column":4}},"17":{"start":{"line":42,"column":10},"end":{"line":42,"column":36}}},"fnMap":{"0":{"name":"(anonymous_0)","decl":{"start":{"line":6,"column":14},"end":{"line":6,"column":15}},"loc":{"start":{"line":6,"column":42},"end":{"line":49,"column":1}},"line":6},"1":{"name":"(anonymous_1)","decl":{"start":{"line":10,"column":12},"end":{"line":10,"column":13}},"loc":{"start":{"line":10,"column":18},"end":{"line":31,"column":3}},"line":10},"2":{"name":"fetch","decl":{"start":{"line":12,"column":19},"end":{"line":12,"column":24}},"loc":{"start":{"line":12,"column":27},"end":{"line":29,"column":5}},"line":12},"3":{"name":"(anonymous_3)","decl":{"start":{"line":15,"column":32},"end":{"line":15,"column":33}},"loc":{"start":{"line":15,"column":42},"end":{"line":22,"column":9}},"line":15},"4":{"name":"(anonymous_4)","decl":{"start":{"line":41,"column":26},"end":{"line":41,"column":27}},"loc":{"start":{"line":42,"column":10},"end":{"line":42,"column":36}},"line":42}},"branchMap":{"0":{"loc":{"start":{"line":16,"column":10},"end":{"line":20,"column":11}},"type":"if","locations":[{"start":{"line":16,"column":10},"end":{"line":20,"column":11}},{"start":{"line":18,"column":17},"end":{"line":20,"column":11}}],"line":16},"1":{"loc":{"start":{"line":35,"column":7},"end":{"line":46,"column":12}},"type":"cond-expr","locations":[{"start":{"line":36,"column":6},"end":{"line":45,"column":9}},{"start":{"line":46,"column":8},"end":{"line":46,"column":12}}],"line":35}},"s":{"0":1,"1":2,"2":2,"3":2,"4":1,"5":1,"6":1,"7":0,"8":0,"9":0,"10":0,"11":0,"12":0,"13":1,"14":1,"15":1,"16":2,"17":0},"f":{"0":2,"1":1,"2":1,"3":0,"4":0},"b":{"0":[0,0],"1":[2,0]},"_coverageSchema":"1a1c01bbd47fc00a2c39e90264f33305004495a9","hash":"c87105c5024ca4d8397408d336d3ca7bb24e6c11"}
,"/home/mcpeck/hackreactor/ShelfShare-2/public/src/components/library/tests/server.js": {"path":"/home/mcpeck/hackreactor/ShelfShare-2/public/src/components/library/tests/server.js","statementMap":{"0":{"start":{"line":4,"column":22},"end":{"line":4,"column":46}}},"fnMap":{},"branchMap":{},"s":{"0":1},"f":{},"b":{},"_coverageSchema":"1a1c01bbd47fc00a2c39e90264f33305004495a9","hash":"a7afe2101951bfc29d42b1233bdf587ee4b18d73"}
,"/home/mcpeck/hackreactor/ShelfShare-2/public/src/components/library/tests/mocks/handlers.js": {"path":"/home/mcpeck/hackreactor/ShelfShare-2/public/src/components/library/tests/mocks/handlers.js","statementMap":{"0":{"start":{"line":3,"column":24},"end":{"line":39,"column":1}},"1":{"start":{"line":5,"column":4},"end":{"line":12,"column":5}},"2":{"start":{"line":15,"column":4},"end":{"line":17,"column":5}},"3":{"start":{"line":20,"column":4},"end":{"line":27,"column":5}},"4":{"start":{"line":30,"column":4},"end":{"line":37,"column":5}}},"fnMap":{"0":{"name":"(anonymous_0)","decl":{"start":{"line":4,"column":52},"end":{"line":4,"column":53}},"loc":{"start":{"line":4,"column":71},"end":{"line":13,"column":3}},"line":4},"1":{"name":"(anonymous_1)","decl":{"start":{"line":14,"column":53},"end":{"line":14,"column":54}},"loc":{"start":{"line":14,"column":72},"end":{"line":18,"column":3}},"line":14},"2":{"name":"(anonymous_2)","decl":{"start":{"line":19,"column":53},"end":{"line":19,"column":54}},"loc":{"start":{"line":19,"column":72},"end":{"line":28,"column":3}},"line":19},"3":{"name":"(anonymous_3)","decl":{"start":{"line":29,"column":49},"end":{"line":29,"column":50}},"loc":{"start":{"line":29,"column":68},"end":{"line":38,"column":3}},"line":29}},"branchMap":{},"s":{"0":1,"1":0,"2":0,"3":0,"4":0},"f":{"0":0,"1":0,"2":0,"3":0},"b":{},"_coverageSchema":"1a1c01bbd47fc00a2c39e90264f33305004495a9","hash":"d341d855001fb5a12882457bacebd69834b0b21c"}
}
