TN:
SF:public/src/components/library/helper functions/DateParser.jsx
FN:1,(anonymous_0)
FN:11,(anonymous_1)
FNF:2
FNH:2
FNDA:1,(anonymous_0)
FNDA:2,(anonymous_1)
DA:1,1
DA:2,1
DA:3,1
DA:4,1
DA:5,1
DA:6,1
DA:7,1
DA:8,1
DA:9,1
DA:11,2
DA:14,1
DA:20,1
DA:21,1
LF:13
LH:13
BRF:0
BRH:0
end_of_record
TN:
SF:public/src/components/library/helper functions/GenreFilter.jsx
FN:1,(anonymous_0)
FNF:1
FNH:1
FNDA:1,(anonymous_0)
DA:1,1
DA:2,1
DA:19,1
DA:20,1
DA:21,3
DA:22,1
DA:25,0
DA:27,0
LF:8
LH:6
BRDA:19,0,0,1
BRDA:19,0,1,0
BRDA:21,1,0,1
BRDA:21,1,1,2
BRF:4
BRH:3
end_of_record
TN:
SF:public/src/components/library/sub-components/Borrowed.jsx
FN:6,(anonymous_0)
FN:10,(anonymous_1)
FN:12,fetch
FN:15,(anonymous_3)
FN:41,(anonymous_4)
FNF:5
FNH:3
FNDA:2,(anonymous_0)
FNDA:1,(anonymous_1)
FNDA:1,fetch
FNDA:0,(anonymous_3)
FNDA:0,(anonymous_4)
DA:6,1
DA:7,2
DA:8,2
DA:10,2
DA:11,1
DA:13,1
DA:14,1
DA:15,0
DA:16,0
DA:17,0
DA:19,0
DA:21,0
DA:23,0
DA:25,1
DA:27,1
DA:30,1
DA:33,2
DA:42,0
LF:18
LH:11
BRDA:16,0,0,0
BRDA:16,0,1,0
BRDA:35,1,0,2
BRDA:35,1,1,0
BRF:4
BRH:1
end_of_record
TN:
SF:public/src/components/library/sub-components/Lent.jsx
FN:6,(anonymous_0)
FN:10,(anonymous_1)
FN:12,fetch
FN:15,(anonymous_3)
FN:41,(anonymous_4)
FNF:5
FNH:3
FNDA:2,(anonymous_0)
FNDA:1,(anonymous_1)
FNDA:1,fetch
FNDA:0,(anonymous_3)
FNDA:0,(anonymous_4)
DA:6,1
DA:7,2
DA:8,2
DA:10,2
DA:11,1
DA:13,1
DA:14,1
DA:15,0
DA:16,0
DA:17,0
DA:19,0
DA:21,0
DA:23,0
DA:25,1
DA:27,1
DA:30,1
DA:33,2
DA:42,0
LF:18
LH:11
BRDA:16,0,0,0
BRDA:16,0,1,0
BRDA:35,1,0,2
BRDA:35,1,1,0
BRF:4
BRH:1
end_of_record
TN:
SF:public/src/components/library/sub-components/ScanButton.jsx
FN:5,(anonymous_0)
FNF:1
FNH:0
FNDA:0,(anonymous_0)
DA:5,1
DA:6,0
LF:2
LH:1
BRDA:15,0,0,0
BRDA:15,0,1,0
BRF:2
BRH:0
end_of_record
TN:
SF:public/src/components/library/sub-components/Shelf.jsx
FN:6,(anonymous_0)
FN:10,(anonymous_1)
FN:12,fetch
FN:15,(anonymous_3)
FN:41,(anonymous_4)
FNF:5
FNH:3
FNDA:2,(anonymous_0)
FNDA:1,(anonymous_1)
FNDA:1,fetch
FNDA:0,(anonymous_3)
FNDA:0,(anonymous_4)
DA:6,1
DA:7,2
DA:8,2
DA:10,2
DA:11,1
DA:13,1
DA:14,1
DA:15,0
DA:16,0
DA:17,0
DA:19,0
DA:21,0
DA:23,0
DA:25,1
DA:27,1
DA:30,1
DA:33,2
DA:42,0
LF:18
LH:11
BRDA:16,0,0,0
BRDA:16,0,1,0
BRDA:35,1,0,2
BRDA:35,1,1,0
BRF:4
BRH:1
end_of_record
TN:
SF:public/src/components/library/tests/server.js
FNF:0
FNH:0
DA:4,1
LF:1
LH:1
BRF:0
BRH:0
end_of_record
TN:
SF:public/src/components/library/tests/mocks/handlers.js
FN:4,(anonymous_0)
FN:14,(anonymous_1)
FN:19,(anonymous_2)
FN:29,(anonymous_3)
FNF:4
FNH:0
FNDA:0,(anonymous_0)
FNDA:0,(anonymous_1)
FNDA:0,(anonymous_2)
FNDA:0,(anonymous_3)
DA:3,1
DA:5,0
DA:15,0
DA:20,0
DA:30,0
LF:5
LH:1
BRF:0
BRH:0
end_of_record
